{"contracts/DefaultRewardTokensValidator.sol":{"l":{"16":38,"20":36,"24":34,"25":34,"32":0,"36":0,"43":0,"47":0,"55":6,"59":5,"60":5,"61":5,"65":2},"path":"/mnt/d/DxSwap/All-Contract/DEXSWAP/dexswap-staking/contracts/DefaultRewardTokensValidator.sol","s":{"1":38,"2":36,"3":34,"4":34,"5":0,"6":0,"7":0,"8":0,"9":6,"10":5,"11":5,"12":5,"13":2},"b":{"1":[36,2],"2":[34,2],"3":[0,0],"4":[0,0],"5":[5,1],"6":[2,3],"7":[2,0]},"f":{"1":38,"2":0,"3":0,"4":6},"fnMap":{"1":{"name":"constructor","line":13,"loc":{"start":{"line":13,"column":4},"end":{"line":26,"column":4}}},"2":{"name":"setdexTokenRegistry","line":30,"loc":{"start":{"line":28,"column":4},"end":{"line":37,"column":4}}},"3":{"name":"setdexTokenRegistryListId","line":41,"loc":{"start":{"line":39,"column":4},"end":{"line":48,"column":4}}},"4":{"name":"validateTokens","line":50,"loc":{"start":{"line":50,"column":4},"end":{"line":73,"column":4}}}},"statementMap":{"1":{"start":{"line":16,"column":8},"end":{"line":16,"column":501}},"2":{"start":{"line":20,"column":8},"end":{"line":20,"column":658}},"3":{"start":{"line":24,"column":8},"end":{"line":24,"column":68}},"4":{"start":{"line":25,"column":8},"end":{"line":25,"column":55}},"5":{"start":{"line":32,"column":8},"end":{"line":32,"column":1037}},"6":{"start":{"line":36,"column":8},"end":{"line":36,"column":68}},"7":{"start":{"line":43,"column":8},"end":{"line":43,"column":1385}},"8":{"start":{"line":47,"column":8},"end":{"line":47,"column":55}},"9":{"start":{"line":55,"column":8},"end":{"line":55,"column":1700}},"10":{"start":{"line":59,"column":8},"end":{"line":59,"column":1839}},"11":{"start":{"line":60,"column":12},"end":{"line":60,"column":52}},"12":{"start":{"line":61,"column":12},"end":{"line":61,"column":1965}},"13":{"start":{"line":65,"column":12},"end":{"line":65,"column":2116}}},"branchMap":{"1":{"line":16,"type":"if","locations":[{"start":{"line":16,"column":8},"end":{"line":16,"column":8}},{"start":{"line":16,"column":8},"end":{"line":16,"column":8}}]},"2":{"line":20,"type":"if","locations":[{"start":{"line":20,"column":8},"end":{"line":20,"column":8}},{"start":{"line":20,"column":8},"end":{"line":20,"column":8}}]},"3":{"line":32,"type":"if","locations":[{"start":{"line":32,"column":8},"end":{"line":32,"column":8}},{"start":{"line":32,"column":8},"end":{"line":32,"column":8}}]},"4":{"line":43,"type":"if","locations":[{"start":{"line":43,"column":8},"end":{"line":43,"column":8}},{"start":{"line":43,"column":8},"end":{"line":43,"column":8}}]},"5":{"line":55,"type":"if","locations":[{"start":{"line":55,"column":8},"end":{"line":55,"column":8}},{"start":{"line":55,"column":8},"end":{"line":55,"column":8}}]},"6":{"line":61,"type":"if","locations":[{"start":{"line":61,"column":12},"end":{"line":61,"column":12}},{"start":{"line":61,"column":12},"end":{"line":61,"column":12}}]},"7":{"line":65,"type":"if","locations":[{"start":{"line":65,"column":12},"end":{"line":65,"column":12}},{"start":{"line":65,"column":12},"end":{"line":65,"column":12}}]}}},"contracts/DefaultStakableTokenValidator.sol":{"l":{"21":43,"25":41,"29":39,"33":37,"34":37,"35":37,"42":3,"46":1,"53":10,"57":8,"64":2,"68":0,"76":10,"80":7,"81":7,"82":7,"83":6,"85":1,"89":6,"93":5,"94":5,"95":4,"97":1,"101":4,"105":3},"path":"/mnt/d/DxSwap/All-Contract/DEXSWAP/dexswap-staking/contracts/DefaultStakableTokenValidator.sol","s":{"1":43,"2":41,"3":39,"4":37,"5":37,"6":37,"7":3,"8":1,"9":10,"10":8,"11":2,"12":0,"13":10,"14":7,"15":7,"16":7,"17":6,"18":1,"19":6,"20":5,"21":5,"22":4,"23":1,"24":4,"25":3},"b":{"1":[41,2],"2":[39,2],"3":[37,2],"4":[1,2],"5":[8,2],"6":[0,2],"7":[7,3],"8":[5,1],"9":[3,1],"10":[1,2]},"f":{"1":43,"2":3,"3":10,"4":2,"5":10},"fnMap":{"1":{"name":"constructor","line":16,"loc":{"start":{"line":16,"column":4},"end":{"line":36,"column":4}}},"2":{"name":"setDexTokenRegistry","line":40,"loc":{"start":{"line":38,"column":4},"end":{"line":47,"column":4}}},"3":{"name":"setDexTokenRegistryListId","line":51,"loc":{"start":{"line":49,"column":4},"end":{"line":58,"column":4}}},"4":{"name":"setDexSwapFactory","line":62,"loc":{"start":{"line":60,"column":4},"end":{"line":69,"column":4}}},"5":{"name":"validateToken","line":71,"loc":{"start":{"line":71,"column":4},"end":{"line":109,"column":4}}}},"statementMap":{"1":{"start":{"line":21,"column":8},"end":{"line":21,"column":722}},"2":{"start":{"line":25,"column":8},"end":{"line":25,"column":880}},"3":{"start":{"line":29,"column":8},"end":{"line":29,"column":1016}},"4":{"start":{"line":33,"column":8},"end":{"line":33,"column":68}},"5":{"start":{"line":34,"column":8},"end":{"line":34,"column":55}},"6":{"start":{"line":35,"column":8},"end":{"line":35,"column":63}},"7":{"start":{"line":42,"column":8},"end":{"line":42,"column":1475}},"8":{"start":{"line":46,"column":8},"end":{"line":46,"column":68}},"9":{"start":{"line":53,"column":8},"end":{"line":53,"column":1824}},"10":{"start":{"line":57,"column":8},"end":{"line":57,"column":55}},"11":{"start":{"line":64,"column":8},"end":{"line":64,"column":2129}},"12":{"start":{"line":68,"column":8},"end":{"line":68,"column":63}},"13":{"start":{"line":76,"column":8},"end":{"line":76,"column":2462}},"14":{"start":{"line":80,"column":8},"end":{"line":80,"column":80}},"15":{"start":{"line":81,"column":8},"end":{"line":81,"column":23}},"16":{"start":{"line":82,"column":8},"end":{"line":82,"column":2716}},"17":{"start":{"line":83,"column":12},"end":{"line":83,"column":35}},"18":{"start":{"line":85,"column":12},"end":{"line":85,"column":2858}},"19":{"start":{"line":89,"column":8},"end":{"line":89,"column":2974}},"20":{"start":{"line":93,"column":8},"end":{"line":93,"column":23}},"21":{"start":{"line":94,"column":8},"end":{"line":94,"column":3181}},"22":{"start":{"line":95,"column":12},"end":{"line":95,"column":35}},"23":{"start":{"line":97,"column":12},"end":{"line":97,"column":3323}},"24":{"start":{"line":101,"column":8},"end":{"line":101,"column":3439}},"25":{"start":{"line":105,"column":8},"end":{"line":105,"column":3621}}},"branchMap":{"1":{"line":21,"type":"if","locations":[{"start":{"line":21,"column":8},"end":{"line":21,"column":8}},{"start":{"line":21,"column":8},"end":{"line":21,"column":8}}]},"2":{"line":25,"type":"if","locations":[{"start":{"line":25,"column":8},"end":{"line":25,"column":8}},{"start":{"line":25,"column":8},"end":{"line":25,"column":8}}]},"3":{"line":29,"type":"if","locations":[{"start":{"line":29,"column":8},"end":{"line":29,"column":8}},{"start":{"line":29,"column":8},"end":{"line":29,"column":8}}]},"4":{"line":42,"type":"if","locations":[{"start":{"line":42,"column":8},"end":{"line":42,"column":8}},{"start":{"line":42,"column":8},"end":{"line":42,"column":8}}]},"5":{"line":53,"type":"if","locations":[{"start":{"line":53,"column":8},"end":{"line":53,"column":8}},{"start":{"line":53,"column":8},"end":{"line":53,"column":8}}]},"6":{"line":64,"type":"if","locations":[{"start":{"line":64,"column":8},"end":{"line":64,"column":8}},{"start":{"line":64,"column":8},"end":{"line":64,"column":8}}]},"7":{"line":76,"type":"if","locations":[{"start":{"line":76,"column":8},"end":{"line":76,"column":8}},{"start":{"line":76,"column":8},"end":{"line":76,"column":8}}]},"8":{"line":89,"type":"if","locations":[{"start":{"line":89,"column":8},"end":{"line":89,"column":8}},{"start":{"line":89,"column":8},"end":{"line":89,"column":8}}]},"9":{"line":101,"type":"if","locations":[{"start":{"line":101,"column":8},"end":{"line":101,"column":8}},{"start":{"line":101,"column":8},"end":{"line":101,"column":8}}]},"10":{"line":105,"type":"if","locations":[{"start":{"line":105,"column":8},"end":{"line":105,"column":8}},{"start":{"line":105,"column":8},"end":{"line":105,"column":8}}]}}},"contracts/IRewardTokensValidator.sol":{"l":{},"path":"/mnt/d/DxSwap/All-Contract/DEXSWAP/dexswap-staking/contracts/IRewardTokensValidator.sol","s":{},"b":{},"f":{},"fnMap":{},"statementMap":{},"branchMap":{}},"contracts/IStakableTokenValidator.sol":{"l":{},"path":"/mnt/d/DxSwap/All-Contract/DEXSWAP/dexswap-staking/contracts/IStakableTokenValidator.sol","s":{},"b":{},"f":{},"fnMap":{},"statementMap":{},"branchMap":{}},"contracts/SwapperERC20StakingRewardsDistributionFactory.sol":{"l":{"20":19,"24":17,"28":15,"31":15,"40":3,"44":1,"53":3,"57":1,"70":4,"71":2,"72":0},"path":"/mnt/d/DxSwap/All-Contract/DEXSWAP/dexswap-staking/contracts/SwapperERC20StakingRewardsDistributionFactory.sol","s":{"1":19,"2":17,"3":15,"4":15,"5":3,"6":1,"7":3,"8":1,"9":4,"10":2,"11":0},"b":{"1":[17,2],"2":[15,2],"3":[1,2],"4":[1,2]},"f":{"1":19,"2":3,"3":3,"4":4},"fnMap":{"1":{"name":"constructor","line":19,"loc":{"start":{"line":16,"column":4},"end":{"line":34,"column":4}}},"2":{"name":"setRewardTokensValidator","line":38,"loc":{"start":{"line":36,"column":4},"end":{"line":47,"column":4}}},"3":{"name":"setStakableTokenValidator","line":51,"loc":{"start":{"line":49,"column":4},"end":{"line":60,"column":4}}},"4":{"name":"createDistribution","line":62,"loc":{"start":{"line":62,"column":4},"end":{"line":80,"column":4}}}},"statementMap":{"1":{"start":{"line":20,"column":8},"end":{"line":20,"column":712}},"2":{"start":{"line":24,"column":8},"end":{"line":24,"column":892}},"3":{"start":{"line":28,"column":8},"end":{"line":28,"column":1074}},"4":{"start":{"line":31,"column":8},"end":{"line":31,"column":1183}},"5":{"start":{"line":40,"column":8},"end":{"line":40,"column":1420}},"6":{"start":{"line":44,"column":8},"end":{"line":44,"column":1600}},"7":{"start":{"line":53,"column":8},"end":{"line":53,"column":1836}},"8":{"start":{"line":57,"column":8},"end":{"line":57,"column":2018}},"9":{"start":{"line":70,"column":8},"end":{"line":70,"column":67}},"10":{"start":{"line":71,"column":8},"end":{"line":71,"column":66}},"11":{"start":{"line":72,"column":8},"end":{"line":72,"column":2554}}},"branchMap":{"1":{"line":20,"type":"if","locations":[{"start":{"line":20,"column":8},"end":{"line":20,"column":8}},{"start":{"line":20,"column":8},"end":{"line":20,"column":8}}]},"2":{"line":24,"type":"if","locations":[{"start":{"line":24,"column":8},"end":{"line":24,"column":8}},{"start":{"line":24,"column":8},"end":{"line":24,"column":8}}]},"3":{"line":40,"type":"if","locations":[{"start":{"line":40,"column":8},"end":{"line":40,"column":8}},{"start":{"line":40,"column":8},"end":{"line":40,"column":8}}]},"4":{"line":53,"type":"if","locations":[{"start":{"line":53,"column":8},"end":{"line":53,"column":8}},{"start":{"line":53,"column":8},"end":{"line":53,"column":8}}]}}}}